<?xml version="1.0" encoding="UTF-8"?>
<testsuite name="com.example.javamavenjunithelloworld.HelloTest" time="0.016" tests="4" errors="0" skipped="0" failures="2">
  <properties>
[...]
</properties>
  <testcase name="testIllegalArgumentForHelloNegative" classname="com.example.javamavenjunithelloworld.HelloTest" time="0.002"/>
  <testcase name="testSayHello" classname="com.example.javamavenjunithelloworld.HelloTest" time="0.014">
    <failure message="&#10;Expected: is &quot;Hello!\n&quot;&#10;     but: was &quot;Hello!\r\n&quot;" type="java.lang.AssertionError">java.lang.AssertionError: 
Expected: is "Hello!\n"
     but: was "Hello!\r\n"
	at org.hamcrest.MatcherAssert.assertThat(MatcherAssert.java:20)
	at org.junit.Assert.assertThat(Assert.java:865)
	at org.junit.Assert.assertThat(Assert.java:832)
	at com.example.javamavenjunithelloworld.HelloTest.testSayHello(HelloTest.java:27)
</failure>
  </testcase>
  <testcase name="testIllegalArgumentForHello21" classname="com.example.javamavenjunithelloworld.HelloTest" time="0"/>
  <testcase name="testSayHelloAFewTimes" classname="com.example.javamavenjunithelloworld.HelloTest" time="0">
    <failure message="&#10;Expected: is &quot;Hello!\nHello!\nHello!\n&quot;&#10;     but: was &quot;Hello!\r\nHello!\r\nHello!\r\n&quot;" type="java.lang.AssertionError">java.lang.AssertionError: 
Expected: is "Hello!\nHello!\nHello!\n"
     but: was "Hello!\r\nHello!\r\nHello!\r\n"
	at org.hamcrest.MatcherAssert.assertThat(MatcherAssert.java:20)
	at org.junit.Assert.assertThat(Assert.java:865)
	at org.junit.Assert.assertThat(Assert.java:832)
	at com.example.javamavenjunithelloworld.HelloTest.testSayHelloAFewTimes(HelloTest.java:41)
</failure>
  </testcase>
</testsuite>